<?xml version="1.0" encoding="UTF-8" standalone="no"?>
<!DOCTYPE log SYSTEM "logger.dtd">
<log>
<record>
  <date>2014-10-16T16:46:53</date>
  <millis>1413449213969</millis>
  <sequence>0</sequence>
  <logger>moustachio.task_catalyst.BlackBox</logger>
  <level>INFO</level>
  <class>moustachio.task_catalyst.BlackBox</class>
  <method>info</method>
  <thread>10</thread>
  <message>User Input: Hello!</message>
</record>
<record>
  <date>2014-10-16T16:46:53</date>
  <millis>1413449213984</millis>
  <sequence>1</sequence>
  <logger>moustachio.task_catalyst.BlackBox</logger>
  <level>INFO</level>
  <class>moustachio.task_catalyst.BlackBox</class>
  <method>info</method>
  <thread>10</thread>
  <message>Interpreted String: Hello!</message>
</record>
